ERROR - 2024-09-25 20:25:42 --> Error connecting to the database: mysqli_sql_exception: Base 'bddespi' inconnue in C:\wamp64\www\WorkShopSN3\vendor\codeigniter4\framework\system\Database\MySQLi\Connection.php:186
Stack trace:
#0 C:\wamp64\www\WorkShopSN3\vendor\codeigniter4\framework\system\Database\MySQLi\Connection.php(186): mysqli->real_connect('localhost', 'root', Object(SensitiveParameterValue), 'bddespi', 3306, '', 0)
#1 C:\wamp64\www\WorkShopSN3\vendor\codeigniter4\framework\system\Database\BaseConnection.php(421): CodeIgniter\Database\MySQLi\Connection->connect(false)
#2 C:\wamp64\www\WorkShopSN3\vendor\codeigniter4\framework\system\Database\BaseConnection.php(616): CodeIgniter\Database\BaseConnection->initialize()
#3 C:\wamp64\www\WorkShopSN3\app\Models\Mcheck_etudiant.php(28): CodeIgniter\Database\BaseConnection->query('SELECT * FROM c...')
#4 C:\wamp64\www\WorkShopSN3\app\Controllers\Api\Etudiant.php(27): App\Models\Mcheck_etudiant->getAllCheckEtudiant()
#5 C:\wamp64\www\WorkShopSN3\vendor\codeigniter4\framework\system\CodeIgniter.php(933): App\Controllers\Api\Etudiant->index()
#6 C:\wamp64\www\WorkShopSN3\vendor\codeigniter4\framework\system\CodeIgniter.php(509): CodeIgniter\CodeIgniter->runController(Object(App\Controllers\Api\Etudiant))
#7 C:\wamp64\www\WorkShopSN3\vendor\codeigniter4\framework\system\CodeIgniter.php(355): CodeIgniter\CodeIgniter->handleRequest(NULL, Object(Config\Cache), false)
#8 C:\wamp64\www\WorkShopSN3\vendor\codeigniter4\framework\system\Boot.php(325): CodeIgniter\CodeIgniter->run()
#9 C:\wamp64\www\WorkShopSN3\vendor\codeigniter4\framework\system\Boot.php(67): CodeIgniter\Boot::runCodeIgniter(Object(CodeIgniter\CodeIgniter))
#10 C:\wamp64\www\WorkShopSN3\public\index.php(56): CodeIgniter\Boot::bootWeb(Object(Config\Paths))
#11 {main}

Next CodeIgniter\Database\Exceptions\DatabaseException: Base 'bddespi' inconnue in C:\wamp64\www\WorkShopSN3\vendor\codeigniter4\framework\system\Database\MySQLi\Connection.php:231
Stack trace:
#0 C:\wamp64\www\WorkShopSN3\vendor\codeigniter4\framework\system\Database\BaseConnection.php(421): CodeIgniter\Database\MySQLi\Connection->connect(false)
#1 C:\wamp64\www\WorkShopSN3\vendor\codeigniter4\framework\system\Database\BaseConnection.php(616): CodeIgniter\Database\BaseConnection->initialize()
#2 C:\wamp64\www\WorkShopSN3\app\Models\Mcheck_etudiant.php(28): CodeIgniter\Database\BaseConnection->query('SELECT * FROM c...')
#3 C:\wamp64\www\WorkShopSN3\app\Controllers\Api\Etudiant.php(27): App\Models\Mcheck_etudiant->getAllCheckEtudiant()
#4 C:\wamp64\www\WorkShopSN3\vendor\codeigniter4\framework\system\CodeIgniter.php(933): App\Controllers\Api\Etudiant->index()
#5 C:\wamp64\www\WorkShopSN3\vendor\codeigniter4\framework\system\CodeIgniter.php(509): CodeIgniter\CodeIgniter->runController(Object(App\Controllers\Api\Etudiant))
#6 C:\wamp64\www\WorkShopSN3\vendor\codeigniter4\framework\system\CodeIgniter.php(355): CodeIgniter\CodeIgniter->handleRequest(NULL, Object(Config\Cache), false)
#7 C:\wamp64\www\WorkShopSN3\vendor\codeigniter4\framework\system\Boot.php(325): CodeIgniter\CodeIgniter->run()
#8 C:\wamp64\www\WorkShopSN3\vendor\codeigniter4\framework\system\Boot.php(67): CodeIgniter\Boot::runCodeIgniter(Object(CodeIgniter\CodeIgniter))
#9 C:\wamp64\www\WorkShopSN3\public\index.php(56): CodeIgniter\Boot::bootWeb(Object(Config\Paths))
#10 {main}
CRITICAL - 2024-09-25 20:25:42 --> CodeIgniter\Database\Exceptions\DatabaseException: Unable to connect to the database.
Main connection [MySQLi]: Base 'bddespi' inconnue
[Method: GET, Route: Api/Etudiant]
in SYSTEMPATH\Database\BaseConnection.php on line 467.
 1 SYSTEMPATH\Database\BaseConnection.php(616): CodeIgniter\Database\BaseConnection->initialize()
 2 APPPATH\Models\Mcheck_etudiant.php(28): CodeIgniter\Database\BaseConnection->query('SELECT * FROM check_etudiant')
 3 APPPATH\Controllers\Api\Etudiant.php(27): App\Models\Mcheck_etudiant->getAllCheckEtudiant()
 4 SYSTEMPATH\CodeIgniter.php(933): App\Controllers\Api\Etudiant->index()
 5 SYSTEMPATH\CodeIgniter.php(509): CodeIgniter\CodeIgniter->runController(Object(App\Controllers\Api\Etudiant))
 6 SYSTEMPATH\CodeIgniter.php(355): CodeIgniter\CodeIgniter->handleRequest(null, Object(Config\Cache), false)
 7 SYSTEMPATH\Boot.php(325): CodeIgniter\CodeIgniter->run()
 8 SYSTEMPATH\Boot.php(67): CodeIgniter\Boot::runCodeIgniter(Object(CodeIgniter\CodeIgniter))
 9 FCPATH\index.php(56): CodeIgniter\Boot::bootWeb(Object(Config\Paths))
ERROR - 2024-09-25 20:29:47 --> Error connecting to the database: mysqli_sql_exception: Base 'bddespi' inconnue in C:\wamp64\www\WorkShopSN3\vendor\codeigniter4\framework\system\Database\MySQLi\Connection.php:186
Stack trace:
#0 C:\wamp64\www\WorkShopSN3\vendor\codeigniter4\framework\system\Database\MySQLi\Connection.php(186): mysqli->real_connect('localhost', 'root', Object(SensitiveParameterValue), 'bddespi', 3306, '', 0)
#1 C:\wamp64\www\WorkShopSN3\vendor\codeigniter4\framework\system\Database\BaseConnection.php(421): CodeIgniter\Database\MySQLi\Connection->connect(false)
#2 C:\wamp64\www\WorkShopSN3\vendor\codeigniter4\framework\system\Database\BaseConnection.php(616): CodeIgniter\Database\BaseConnection->initialize()
#3 C:\wamp64\www\WorkShopSN3\app\Models\Mcheck_etudiant.php(28): CodeIgniter\Database\BaseConnection->query('SELECT * FROM c...')
#4 C:\wamp64\www\WorkShopSN3\app\Controllers\Api\Etudiant.php(27): App\Models\Mcheck_etudiant->getAllCheckEtudiant()
#5 C:\wamp64\www\WorkShopSN3\vendor\codeigniter4\framework\system\CodeIgniter.php(933): App\Controllers\Api\Etudiant->index()
#6 C:\wamp64\www\WorkShopSN3\vendor\codeigniter4\framework\system\CodeIgniter.php(509): CodeIgniter\CodeIgniter->runController(Object(App\Controllers\Api\Etudiant))
#7 C:\wamp64\www\WorkShopSN3\vendor\codeigniter4\framework\system\CodeIgniter.php(355): CodeIgniter\CodeIgniter->handleRequest(NULL, Object(Config\Cache), false)
#8 C:\wamp64\www\WorkShopSN3\vendor\codeigniter4\framework\system\Boot.php(325): CodeIgniter\CodeIgniter->run()
#9 C:\wamp64\www\WorkShopSN3\vendor\codeigniter4\framework\system\Boot.php(67): CodeIgniter\Boot::runCodeIgniter(Object(CodeIgniter\CodeIgniter))
#10 C:\wamp64\www\WorkShopSN3\public\index.php(56): CodeIgniter\Boot::bootWeb(Object(Config\Paths))
#11 {main}

Next CodeIgniter\Database\Exceptions\DatabaseException: Base 'bddespi' inconnue in C:\wamp64\www\WorkShopSN3\vendor\codeigniter4\framework\system\Database\MySQLi\Connection.php:231
Stack trace:
#0 C:\wamp64\www\WorkShopSN3\vendor\codeigniter4\framework\system\Database\BaseConnection.php(421): CodeIgniter\Database\MySQLi\Connection->connect(false)
#1 C:\wamp64\www\WorkShopSN3\vendor\codeigniter4\framework\system\Database\BaseConnection.php(616): CodeIgniter\Database\BaseConnection->initialize()
#2 C:\wamp64\www\WorkShopSN3\app\Models\Mcheck_etudiant.php(28): CodeIgniter\Database\BaseConnection->query('SELECT * FROM c...')
#3 C:\wamp64\www\WorkShopSN3\app\Controllers\Api\Etudiant.php(27): App\Models\Mcheck_etudiant->getAllCheckEtudiant()
#4 C:\wamp64\www\WorkShopSN3\vendor\codeigniter4\framework\system\CodeIgniter.php(933): App\Controllers\Api\Etudiant->index()
#5 C:\wamp64\www\WorkShopSN3\vendor\codeigniter4\framework\system\CodeIgniter.php(509): CodeIgniter\CodeIgniter->runController(Object(App\Controllers\Api\Etudiant))
#6 C:\wamp64\www\WorkShopSN3\vendor\codeigniter4\framework\system\CodeIgniter.php(355): CodeIgniter\CodeIgniter->handleRequest(NULL, Object(Config\Cache), false)
#7 C:\wamp64\www\WorkShopSN3\vendor\codeigniter4\framework\system\Boot.php(325): CodeIgniter\CodeIgniter->run()
#8 C:\wamp64\www\WorkShopSN3\vendor\codeigniter4\framework\system\Boot.php(67): CodeIgniter\Boot::runCodeIgniter(Object(CodeIgniter\CodeIgniter))
#9 C:\wamp64\www\WorkShopSN3\public\index.php(56): CodeIgniter\Boot::bootWeb(Object(Config\Paths))
#10 {main}
CRITICAL - 2024-09-25 20:29:47 --> CodeIgniter\Database\Exceptions\DatabaseException: Unable to connect to the database.
Main connection [MySQLi]: Base 'bddespi' inconnue
[Method: GET, Route: Api/Etudiant]
in SYSTEMPATH\Database\BaseConnection.php on line 467.
 1 SYSTEMPATH\Database\BaseConnection.php(616): CodeIgniter\Database\BaseConnection->initialize()
 2 APPPATH\Models\Mcheck_etudiant.php(28): CodeIgniter\Database\BaseConnection->query('SELECT * FROM check_etudiant')
 3 APPPATH\Controllers\Api\Etudiant.php(27): App\Models\Mcheck_etudiant->getAllCheckEtudiant()
 4 SYSTEMPATH\CodeIgniter.php(933): App\Controllers\Api\Etudiant->index()
 5 SYSTEMPATH\CodeIgniter.php(509): CodeIgniter\CodeIgniter->runController(Object(App\Controllers\Api\Etudiant))
 6 SYSTEMPATH\CodeIgniter.php(355): CodeIgniter\CodeIgniter->handleRequest(null, Object(Config\Cache), false)
 7 SYSTEMPATH\Boot.php(325): CodeIgniter\CodeIgniter->run()
 8 SYSTEMPATH\Boot.php(67): CodeIgniter\Boot::runCodeIgniter(Object(CodeIgniter\CodeIgniter))
 9 FCPATH\index.php(56): CodeIgniter\Boot::bootWeb(Object(Config\Paths))
ERROR - 2024-09-25 20:35:46 --> Error connecting to the database: mysqli_sql_exception: Base 'bddespi' inconnue in C:\wamp64\www\WorkShopSN3\vendor\codeigniter4\framework\system\Database\MySQLi\Connection.php:186
Stack trace:
#0 C:\wamp64\www\WorkShopSN3\vendor\codeigniter4\framework\system\Database\MySQLi\Connection.php(186): mysqli->real_connect('localhost', 'root', Object(SensitiveParameterValue), 'bddespi', 3306, '', 0)
#1 C:\wamp64\www\WorkShopSN3\vendor\codeigniter4\framework\system\Database\BaseConnection.php(421): CodeIgniter\Database\MySQLi\Connection->connect(false)
#2 C:\wamp64\www\WorkShopSN3\vendor\codeigniter4\framework\system\Database\BaseConnection.php(616): CodeIgniter\Database\BaseConnection->initialize()
#3 C:\wamp64\www\WorkShopSN3\app\Models\Mcheck_etudiant.php(28): CodeIgniter\Database\BaseConnection->query('SELECT * FROM c...')
#4 C:\wamp64\www\WorkShopSN3\app\Controllers\Api\Etudiant.php(27): App\Models\Mcheck_etudiant->getAllCheckEtudiant()
#5 C:\wamp64\www\WorkShopSN3\vendor\codeigniter4\framework\system\CodeIgniter.php(933): App\Controllers\Api\Etudiant->index()
#6 C:\wamp64\www\WorkShopSN3\vendor\codeigniter4\framework\system\CodeIgniter.php(509): CodeIgniter\CodeIgniter->runController(Object(App\Controllers\Api\Etudiant))
#7 C:\wamp64\www\WorkShopSN3\vendor\codeigniter4\framework\system\CodeIgniter.php(355): CodeIgniter\CodeIgniter->handleRequest(NULL, Object(Config\Cache), false)
#8 C:\wamp64\www\WorkShopSN3\vendor\codeigniter4\framework\system\Boot.php(325): CodeIgniter\CodeIgniter->run()
#9 C:\wamp64\www\WorkShopSN3\vendor\codeigniter4\framework\system\Boot.php(67): CodeIgniter\Boot::runCodeIgniter(Object(CodeIgniter\CodeIgniter))
#10 C:\wamp64\www\WorkShopSN3\public\index.php(56): CodeIgniter\Boot::bootWeb(Object(Config\Paths))
#11 {main}

Next CodeIgniter\Database\Exceptions\DatabaseException: Base 'bddespi' inconnue in C:\wamp64\www\WorkShopSN3\vendor\codeigniter4\framework\system\Database\MySQLi\Connection.php:231
Stack trace:
#0 C:\wamp64\www\WorkShopSN3\vendor\codeigniter4\framework\system\Database\BaseConnection.php(421): CodeIgniter\Database\MySQLi\Connection->connect(false)
#1 C:\wamp64\www\WorkShopSN3\vendor\codeigniter4\framework\system\Database\BaseConnection.php(616): CodeIgniter\Database\BaseConnection->initialize()
#2 C:\wamp64\www\WorkShopSN3\app\Models\Mcheck_etudiant.php(28): CodeIgniter\Database\BaseConnection->query('SELECT * FROM c...')
#3 C:\wamp64\www\WorkShopSN3\app\Controllers\Api\Etudiant.php(27): App\Models\Mcheck_etudiant->getAllCheckEtudiant()
#4 C:\wamp64\www\WorkShopSN3\vendor\codeigniter4\framework\system\CodeIgniter.php(933): App\Controllers\Api\Etudiant->index()
#5 C:\wamp64\www\WorkShopSN3\vendor\codeigniter4\framework\system\CodeIgniter.php(509): CodeIgniter\CodeIgniter->runController(Object(App\Controllers\Api\Etudiant))
#6 C:\wamp64\www\WorkShopSN3\vendor\codeigniter4\framework\system\CodeIgniter.php(355): CodeIgniter\CodeIgniter->handleRequest(NULL, Object(Config\Cache), false)
#7 C:\wamp64\www\WorkShopSN3\vendor\codeigniter4\framework\system\Boot.php(325): CodeIgniter\CodeIgniter->run()
#8 C:\wamp64\www\WorkShopSN3\vendor\codeigniter4\framework\system\Boot.php(67): CodeIgniter\Boot::runCodeIgniter(Object(CodeIgniter\CodeIgniter))
#9 C:\wamp64\www\WorkShopSN3\public\index.php(56): CodeIgniter\Boot::bootWeb(Object(Config\Paths))
#10 {main}
CRITICAL - 2024-09-25 20:35:47 --> CodeIgniter\Database\Exceptions\DatabaseException: Unable to connect to the database.
Main connection [MySQLi]: Base 'bddespi' inconnue
[Method: GET, Route: Api/Etudiant]
in SYSTEMPATH\Database\BaseConnection.php on line 467.
 1 SYSTEMPATH\Database\BaseConnection.php(616): CodeIgniter\Database\BaseConnection->initialize()
 2 APPPATH\Models\Mcheck_etudiant.php(28): CodeIgniter\Database\BaseConnection->query('SELECT * FROM check_etudiant')
 3 APPPATH\Controllers\Api\Etudiant.php(27): App\Models\Mcheck_etudiant->getAllCheckEtudiant()
 4 SYSTEMPATH\CodeIgniter.php(933): App\Controllers\Api\Etudiant->index()
 5 SYSTEMPATH\CodeIgniter.php(509): CodeIgniter\CodeIgniter->runController(Object(App\Controllers\Api\Etudiant))
 6 SYSTEMPATH\CodeIgniter.php(355): CodeIgniter\CodeIgniter->handleRequest(null, Object(Config\Cache), false)
 7 SYSTEMPATH\Boot.php(325): CodeIgniter\CodeIgniter->run()
 8 SYSTEMPATH\Boot.php(67): CodeIgniter\Boot::runCodeIgniter(Object(CodeIgniter\CodeIgniter))
 9 FCPATH\index.php(56): CodeIgniter\Boot::bootWeb(Object(Config\Paths))
ERROR - 2024-09-25 20:43:25 --> Error connecting to the database: mysqli_sql_exception: Base 'bddespi' inconnue in C:\wamp64\www\WorkShopSN3\vendor\codeigniter4\framework\system\Database\MySQLi\Connection.php:186
Stack trace:
#0 C:\wamp64\www\WorkShopSN3\vendor\codeigniter4\framework\system\Database\MySQLi\Connection.php(186): mysqli->real_connect('localhost', 'root', Object(SensitiveParameterValue), 'bddespi', 3306, '', 0)
#1 C:\wamp64\www\WorkShopSN3\vendor\codeigniter4\framework\system\Database\BaseConnection.php(421): CodeIgniter\Database\MySQLi\Connection->connect(false)
#2 C:\wamp64\www\WorkShopSN3\vendor\codeigniter4\framework\system\Database\BaseConnection.php(616): CodeIgniter\Database\BaseConnection->initialize()
#3 C:\wamp64\www\WorkShopSN3\app\Models\Mcheck_etudiant.php(28): CodeIgniter\Database\BaseConnection->query('SELECT * FROM c...')
#4 C:\wamp64\www\WorkShopSN3\app\Controllers\Api\Etudiant.php(27): App\Models\Mcheck_etudiant->getAllCheckEtudiant()
#5 C:\wamp64\www\WorkShopSN3\vendor\codeigniter4\framework\system\CodeIgniter.php(933): App\Controllers\Api\Etudiant->index()
#6 C:\wamp64\www\WorkShopSN3\vendor\codeigniter4\framework\system\CodeIgniter.php(509): CodeIgniter\CodeIgniter->runController(Object(App\Controllers\Api\Etudiant))
#7 C:\wamp64\www\WorkShopSN3\vendor\codeigniter4\framework\system\CodeIgniter.php(355): CodeIgniter\CodeIgniter->handleRequest(NULL, Object(Config\Cache), false)
#8 C:\wamp64\www\WorkShopSN3\vendor\codeigniter4\framework\system\Boot.php(325): CodeIgniter\CodeIgniter->run()
#9 C:\wamp64\www\WorkShopSN3\vendor\codeigniter4\framework\system\Boot.php(67): CodeIgniter\Boot::runCodeIgniter(Object(CodeIgniter\CodeIgniter))
#10 C:\wamp64\www\WorkShopSN3\public\index.php(56): CodeIgniter\Boot::bootWeb(Object(Config\Paths))
#11 {main}

Next CodeIgniter\Database\Exceptions\DatabaseException: Base 'bddespi' inconnue in C:\wamp64\www\WorkShopSN3\vendor\codeigniter4\framework\system\Database\MySQLi\Connection.php:231
Stack trace:
#0 C:\wamp64\www\WorkShopSN3\vendor\codeigniter4\framework\system\Database\BaseConnection.php(421): CodeIgniter\Database\MySQLi\Connection->connect(false)
#1 C:\wamp64\www\WorkShopSN3\vendor\codeigniter4\framework\system\Database\BaseConnection.php(616): CodeIgniter\Database\BaseConnection->initialize()
#2 C:\wamp64\www\WorkShopSN3\app\Models\Mcheck_etudiant.php(28): CodeIgniter\Database\BaseConnection->query('SELECT * FROM c...')
#3 C:\wamp64\www\WorkShopSN3\app\Controllers\Api\Etudiant.php(27): App\Models\Mcheck_etudiant->getAllCheckEtudiant()
#4 C:\wamp64\www\WorkShopSN3\vendor\codeigniter4\framework\system\CodeIgniter.php(933): App\Controllers\Api\Etudiant->index()
#5 C:\wamp64\www\WorkShopSN3\vendor\codeigniter4\framework\system\CodeIgniter.php(509): CodeIgniter\CodeIgniter->runController(Object(App\Controllers\Api\Etudiant))
#6 C:\wamp64\www\WorkShopSN3\vendor\codeigniter4\framework\system\CodeIgniter.php(355): CodeIgniter\CodeIgniter->handleRequest(NULL, Object(Config\Cache), false)
#7 C:\wamp64\www\WorkShopSN3\vendor\codeigniter4\framework\system\Boot.php(325): CodeIgniter\CodeIgniter->run()
#8 C:\wamp64\www\WorkShopSN3\vendor\codeigniter4\framework\system\Boot.php(67): CodeIgniter\Boot::runCodeIgniter(Object(CodeIgniter\CodeIgniter))
#9 C:\wamp64\www\WorkShopSN3\public\index.php(56): CodeIgniter\Boot::bootWeb(Object(Config\Paths))
#10 {main}
CRITICAL - 2024-09-25 20:43:25 --> CodeIgniter\Database\Exceptions\DatabaseException: Unable to connect to the database.
Main connection [MySQLi]: Base 'bddespi' inconnue
[Method: GET, Route: Api/Etudiant]
in SYSTEMPATH\Database\BaseConnection.php on line 467.
 1 SYSTEMPATH\Database\BaseConnection.php(616): CodeIgniter\Database\BaseConnection->initialize()
 2 APPPATH\Models\Mcheck_etudiant.php(28): CodeIgniter\Database\BaseConnection->query('SELECT * FROM check_etudiant')
 3 APPPATH\Controllers\Api\Etudiant.php(27): App\Models\Mcheck_etudiant->getAllCheckEtudiant()
 4 SYSTEMPATH\CodeIgniter.php(933): App\Controllers\Api\Etudiant->index()
 5 SYSTEMPATH\CodeIgniter.php(509): CodeIgniter\CodeIgniter->runController(Object(App\Controllers\Api\Etudiant))
 6 SYSTEMPATH\CodeIgniter.php(355): CodeIgniter\CodeIgniter->handleRequest(null, Object(Config\Cache), false)
 7 SYSTEMPATH\Boot.php(325): CodeIgniter\CodeIgniter->run()
 8 SYSTEMPATH\Boot.php(67): CodeIgniter\Boot::runCodeIgniter(Object(CodeIgniter\CodeIgniter))
 9 FCPATH\index.php(56): CodeIgniter\Boot::bootWeb(Object(Config\Paths))
ERROR - 2024-09-25 20:43:33 --> Error connecting to the database: mysqli_sql_exception: Base 'bddespi' inconnue in C:\wamp64\www\WorkShopSN3\vendor\codeigniter4\framework\system\Database\MySQLi\Connection.php:186
Stack trace:
#0 C:\wamp64\www\WorkShopSN3\vendor\codeigniter4\framework\system\Database\MySQLi\Connection.php(186): mysqli->real_connect('localhost', 'root', Object(SensitiveParameterValue), 'bddespi', 3306, '', 0)
#1 C:\wamp64\www\WorkShopSN3\vendor\codeigniter4\framework\system\Database\BaseConnection.php(421): CodeIgniter\Database\MySQLi\Connection->connect(false)
#2 C:\wamp64\www\WorkShopSN3\vendor\codeigniter4\framework\system\Database\BaseConnection.php(616): CodeIgniter\Database\BaseConnection->initialize()
#3 C:\wamp64\www\WorkShopSN3\app\Models\Mcheck_etudiant.php(28): CodeIgniter\Database\BaseConnection->query('SELECT * FROM c...')
#4 C:\wamp64\www\WorkShopSN3\app\Controllers\Api\Etudiant.php(27): App\Models\Mcheck_etudiant->getAllCheckEtudiant()
#5 C:\wamp64\www\WorkShopSN3\vendor\codeigniter4\framework\system\CodeIgniter.php(933): App\Controllers\Api\Etudiant->index()
#6 C:\wamp64\www\WorkShopSN3\vendor\codeigniter4\framework\system\CodeIgniter.php(509): CodeIgniter\CodeIgniter->runController(Object(App\Controllers\Api\Etudiant))
#7 C:\wamp64\www\WorkShopSN3\vendor\codeigniter4\framework\system\CodeIgniter.php(355): CodeIgniter\CodeIgniter->handleRequest(NULL, Object(Config\Cache), false)
#8 C:\wamp64\www\WorkShopSN3\vendor\codeigniter4\framework\system\Boot.php(325): CodeIgniter\CodeIgniter->run()
#9 C:\wamp64\www\WorkShopSN3\vendor\codeigniter4\framework\system\Boot.php(67): CodeIgniter\Boot::runCodeIgniter(Object(CodeIgniter\CodeIgniter))
#10 C:\wamp64\www\WorkShopSN3\public\index.php(56): CodeIgniter\Boot::bootWeb(Object(Config\Paths))
#11 {main}

Next CodeIgniter\Database\Exceptions\DatabaseException: Base 'bddespi' inconnue in C:\wamp64\www\WorkShopSN3\vendor\codeigniter4\framework\system\Database\MySQLi\Connection.php:231
Stack trace:
#0 C:\wamp64\www\WorkShopSN3\vendor\codeigniter4\framework\system\Database\BaseConnection.php(421): CodeIgniter\Database\MySQLi\Connection->connect(false)
#1 C:\wamp64\www\WorkShopSN3\vendor\codeigniter4\framework\system\Database\BaseConnection.php(616): CodeIgniter\Database\BaseConnection->initialize()
#2 C:\wamp64\www\WorkShopSN3\app\Models\Mcheck_etudiant.php(28): CodeIgniter\Database\BaseConnection->query('SELECT * FROM c...')
#3 C:\wamp64\www\WorkShopSN3\app\Controllers\Api\Etudiant.php(27): App\Models\Mcheck_etudiant->getAllCheckEtudiant()
#4 C:\wamp64\www\WorkShopSN3\vendor\codeigniter4\framework\system\CodeIgniter.php(933): App\Controllers\Api\Etudiant->index()
#5 C:\wamp64\www\WorkShopSN3\vendor\codeigniter4\framework\system\CodeIgniter.php(509): CodeIgniter\CodeIgniter->runController(Object(App\Controllers\Api\Etudiant))
#6 C:\wamp64\www\WorkShopSN3\vendor\codeigniter4\framework\system\CodeIgniter.php(355): CodeIgniter\CodeIgniter->handleRequest(NULL, Object(Config\Cache), false)
#7 C:\wamp64\www\WorkShopSN3\vendor\codeigniter4\framework\system\Boot.php(325): CodeIgniter\CodeIgniter->run()
#8 C:\wamp64\www\WorkShopSN3\vendor\codeigniter4\framework\system\Boot.php(67): CodeIgniter\Boot::runCodeIgniter(Object(CodeIgniter\CodeIgniter))
#9 C:\wamp64\www\WorkShopSN3\public\index.php(56): CodeIgniter\Boot::bootWeb(Object(Config\Paths))
#10 {main}
CRITICAL - 2024-09-25 20:43:33 --> CodeIgniter\Database\Exceptions\DatabaseException: Unable to connect to the database.
Main connection [MySQLi]: Base 'bddespi' inconnue
[Method: GET, Route: Api/Etudiant]
in SYSTEMPATH\Database\BaseConnection.php on line 467.
 1 SYSTEMPATH\Database\BaseConnection.php(616): CodeIgniter\Database\BaseConnection->initialize()
 2 APPPATH\Models\Mcheck_etudiant.php(28): CodeIgniter\Database\BaseConnection->query('SELECT * FROM check_etudiant')
 3 APPPATH\Controllers\Api\Etudiant.php(27): App\Models\Mcheck_etudiant->getAllCheckEtudiant()
 4 SYSTEMPATH\CodeIgniter.php(933): App\Controllers\Api\Etudiant->index()
 5 SYSTEMPATH\CodeIgniter.php(509): CodeIgniter\CodeIgniter->runController(Object(App\Controllers\Api\Etudiant))
 6 SYSTEMPATH\CodeIgniter.php(355): CodeIgniter\CodeIgniter->handleRequest(null, Object(Config\Cache), false)
 7 SYSTEMPATH\Boot.php(325): CodeIgniter\CodeIgniter->run()
 8 SYSTEMPATH\Boot.php(67): CodeIgniter\Boot::runCodeIgniter(Object(CodeIgniter\CodeIgniter))
 9 FCPATH\index.php(56): CodeIgniter\Boot::bootWeb(Object(Config\Paths))
ERROR - 2024-09-25 20:43:39 --> Error connecting to the database: mysqli_sql_exception: Base 'bddespi' inconnue in C:\wamp64\www\WorkShopSN3\vendor\codeigniter4\framework\system\Database\MySQLi\Connection.php:186
Stack trace:
#0 C:\wamp64\www\WorkShopSN3\vendor\codeigniter4\framework\system\Database\MySQLi\Connection.php(186): mysqli->real_connect('localhost', 'root', Object(SensitiveParameterValue), 'bddespi', 3306, '', 0)
#1 C:\wamp64\www\WorkShopSN3\vendor\codeigniter4\framework\system\Database\BaseConnection.php(421): CodeIgniter\Database\MySQLi\Connection->connect(false)
#2 C:\wamp64\www\WorkShopSN3\vendor\codeigniter4\framework\system\Database\BaseConnection.php(616): CodeIgniter\Database\BaseConnection->initialize()
#3 C:\wamp64\www\WorkShopSN3\app\Models\Mcheck_etudiant.php(28): CodeIgniter\Database\BaseConnection->query('SELECT * FROM c...')
#4 C:\wamp64\www\WorkShopSN3\app\Controllers\Api\Etudiant.php(27): App\Models\Mcheck_etudiant->getAllCheckEtudiant()
#5 C:\wamp64\www\WorkShopSN3\vendor\codeigniter4\framework\system\CodeIgniter.php(933): App\Controllers\Api\Etudiant->index()
#6 C:\wamp64\www\WorkShopSN3\vendor\codeigniter4\framework\system\CodeIgniter.php(509): CodeIgniter\CodeIgniter->runController(Object(App\Controllers\Api\Etudiant))
#7 C:\wamp64\www\WorkShopSN3\vendor\codeigniter4\framework\system\CodeIgniter.php(355): CodeIgniter\CodeIgniter->handleRequest(NULL, Object(Config\Cache), false)
#8 C:\wamp64\www\WorkShopSN3\vendor\codeigniter4\framework\system\Boot.php(325): CodeIgniter\CodeIgniter->run()
#9 C:\wamp64\www\WorkShopSN3\vendor\codeigniter4\framework\system\Boot.php(67): CodeIgniter\Boot::runCodeIgniter(Object(CodeIgniter\CodeIgniter))
#10 C:\wamp64\www\WorkShopSN3\public\index.php(56): CodeIgniter\Boot::bootWeb(Object(Config\Paths))
#11 {main}

Next CodeIgniter\Database\Exceptions\DatabaseException: Base 'bddespi' inconnue in C:\wamp64\www\WorkShopSN3\vendor\codeigniter4\framework\system\Database\MySQLi\Connection.php:231
Stack trace:
#0 C:\wamp64\www\WorkShopSN3\vendor\codeigniter4\framework\system\Database\BaseConnection.php(421): CodeIgniter\Database\MySQLi\Connection->connect(false)
#1 C:\wamp64\www\WorkShopSN3\vendor\codeigniter4\framework\system\Database\BaseConnection.php(616): CodeIgniter\Database\BaseConnection->initialize()
#2 C:\wamp64\www\WorkShopSN3\app\Models\Mcheck_etudiant.php(28): CodeIgniter\Database\BaseConnection->query('SELECT * FROM c...')
#3 C:\wamp64\www\WorkShopSN3\app\Controllers\Api\Etudiant.php(27): App\Models\Mcheck_etudiant->getAllCheckEtudiant()
#4 C:\wamp64\www\WorkShopSN3\vendor\codeigniter4\framework\system\CodeIgniter.php(933): App\Controllers\Api\Etudiant->index()
#5 C:\wamp64\www\WorkShopSN3\vendor\codeigniter4\framework\system\CodeIgniter.php(509): CodeIgniter\CodeIgniter->runController(Object(App\Controllers\Api\Etudiant))
#6 C:\wamp64\www\WorkShopSN3\vendor\codeigniter4\framework\system\CodeIgniter.php(355): CodeIgniter\CodeIgniter->handleRequest(NULL, Object(Config\Cache), false)
#7 C:\wamp64\www\WorkShopSN3\vendor\codeigniter4\framework\system\Boot.php(325): CodeIgniter\CodeIgniter->run()
#8 C:\wamp64\www\WorkShopSN3\vendor\codeigniter4\framework\system\Boot.php(67): CodeIgniter\Boot::runCodeIgniter(Object(CodeIgniter\CodeIgniter))
#9 C:\wamp64\www\WorkShopSN3\public\index.php(56): CodeIgniter\Boot::bootWeb(Object(Config\Paths))
#10 {main}
CRITICAL - 2024-09-25 20:43:39 --> CodeIgniter\Database\Exceptions\DatabaseException: Unable to connect to the database.
Main connection [MySQLi]: Base 'bddespi' inconnue
[Method: GET, Route: Api/Etudiant]
in SYSTEMPATH\Database\BaseConnection.php on line 467.
 1 SYSTEMPATH\Database\BaseConnection.php(616): CodeIgniter\Database\BaseConnection->initialize()
 2 APPPATH\Models\Mcheck_etudiant.php(28): CodeIgniter\Database\BaseConnection->query('SELECT * FROM check_etudiant')
 3 APPPATH\Controllers\Api\Etudiant.php(27): App\Models\Mcheck_etudiant->getAllCheckEtudiant()
 4 SYSTEMPATH\CodeIgniter.php(933): App\Controllers\Api\Etudiant->index()
 5 SYSTEMPATH\CodeIgniter.php(509): CodeIgniter\CodeIgniter->runController(Object(App\Controllers\Api\Etudiant))
 6 SYSTEMPATH\CodeIgniter.php(355): CodeIgniter\CodeIgniter->handleRequest(null, Object(Config\Cache), false)
 7 SYSTEMPATH\Boot.php(325): CodeIgniter\CodeIgniter->run()
 8 SYSTEMPATH\Boot.php(67): CodeIgniter\Boot::runCodeIgniter(Object(CodeIgniter\CodeIgniter))
 9 FCPATH\index.php(56): CodeIgniter\Boot::bootWeb(Object(Config\Paths))
ERROR - 2024-09-25 20:44:29 --> Error connecting to the database: mysqli_sql_exception: Base 'bddespi' inconnue in C:\wamp64\www\WorkShopSN3\vendor\codeigniter4\framework\system\Database\MySQLi\Connection.php:186
Stack trace:
#0 C:\wamp64\www\WorkShopSN3\vendor\codeigniter4\framework\system\Database\MySQLi\Connection.php(186): mysqli->real_connect('localhost', 'root', Object(SensitiveParameterValue), 'bddespi', 3306, '', 0)
#1 C:\wamp64\www\WorkShopSN3\vendor\codeigniter4\framework\system\Database\BaseConnection.php(421): CodeIgniter\Database\MySQLi\Connection->connect(false)
#2 C:\wamp64\www\WorkShopSN3\vendor\codeigniter4\framework\system\Database\BaseConnection.php(616): CodeIgniter\Database\BaseConnection->initialize()
#3 C:\wamp64\www\WorkShopSN3\app\Models\Metudiant.php(27): CodeIgniter\Database\BaseConnection->query('SELECT * FROM e...')
#4 C:\wamp64\www\WorkShopSN3\app\Controllers\Api\Etudiant.php(34): App\Models\Metudiant->getEtudiant('1')
#5 C:\wamp64\www\WorkShopSN3\vendor\codeigniter4\framework\system\CodeIgniter.php(933): App\Controllers\Api\Etudiant->show('1')
#6 C:\wamp64\www\WorkShopSN3\vendor\codeigniter4\framework\system\CodeIgniter.php(509): CodeIgniter\CodeIgniter->runController(Object(App\Controllers\Api\Etudiant))
#7 C:\wamp64\www\WorkShopSN3\vendor\codeigniter4\framework\system\CodeIgniter.php(355): CodeIgniter\CodeIgniter->handleRequest(NULL, Object(Config\Cache), false)
#8 C:\wamp64\www\WorkShopSN3\vendor\codeigniter4\framework\system\Boot.php(325): CodeIgniter\CodeIgniter->run()
#9 C:\wamp64\www\WorkShopSN3\vendor\codeigniter4\framework\system\Boot.php(67): CodeIgniter\Boot::runCodeIgniter(Object(CodeIgniter\CodeIgniter))
#10 C:\wamp64\www\WorkShopSN3\public\index.php(56): CodeIgniter\Boot::bootWeb(Object(Config\Paths))
#11 {main}

Next CodeIgniter\Database\Exceptions\DatabaseException: Base 'bddespi' inconnue in C:\wamp64\www\WorkShopSN3\vendor\codeigniter4\framework\system\Database\MySQLi\Connection.php:231
Stack trace:
#0 C:\wamp64\www\WorkShopSN3\vendor\codeigniter4\framework\system\Database\BaseConnection.php(421): CodeIgniter\Database\MySQLi\Connection->connect(false)
#1 C:\wamp64\www\WorkShopSN3\vendor\codeigniter4\framework\system\Database\BaseConnection.php(616): CodeIgniter\Database\BaseConnection->initialize()
#2 C:\wamp64\www\WorkShopSN3\app\Models\Metudiant.php(27): CodeIgniter\Database\BaseConnection->query('SELECT * FROM e...')
#3 C:\wamp64\www\WorkShopSN3\app\Controllers\Api\Etudiant.php(34): App\Models\Metudiant->getEtudiant('1')
#4 C:\wamp64\www\WorkShopSN3\vendor\codeigniter4\framework\system\CodeIgniter.php(933): App\Controllers\Api\Etudiant->show('1')
#5 C:\wamp64\www\WorkShopSN3\vendor\codeigniter4\framework\system\CodeIgniter.php(509): CodeIgniter\CodeIgniter->runController(Object(App\Controllers\Api\Etudiant))
#6 C:\wamp64\www\WorkShopSN3\vendor\codeigniter4\framework\system\CodeIgniter.php(355): CodeIgniter\CodeIgniter->handleRequest(NULL, Object(Config\Cache), false)
#7 C:\wamp64\www\WorkShopSN3\vendor\codeigniter4\framework\system\Boot.php(325): CodeIgniter\CodeIgniter->run()
#8 C:\wamp64\www\WorkShopSN3\vendor\codeigniter4\framework\system\Boot.php(67): CodeIgniter\Boot::runCodeIgniter(Object(CodeIgniter\CodeIgniter))
#9 C:\wamp64\www\WorkShopSN3\public\index.php(56): CodeIgniter\Boot::bootWeb(Object(Config\Paths))
#10 {main}
CRITICAL - 2024-09-25 20:44:29 --> CodeIgniter\Database\Exceptions\DatabaseException: Unable to connect to the database.
Main connection [MySQLi]: Base 'bddespi' inconnue
[Method: GET, Route: Api/Etudiant/1]
in SYSTEMPATH\Database\BaseConnection.php on line 467.
 1 SYSTEMPATH\Database\BaseConnection.php(616): CodeIgniter\Database\BaseConnection->initialize()
 2 APPPATH\Models\Metudiant.php(27): CodeIgniter\Database\BaseConnection->query('SELECT * FROM etudiant WHERE id_etudiant = 1')
 3 APPPATH\Controllers\Api\Etudiant.php(34): App\Models\Metudiant->getEtudiant('1')
 4 SYSTEMPATH\CodeIgniter.php(933): App\Controllers\Api\Etudiant->show('1')
 5 SYSTEMPATH\CodeIgniter.php(509): CodeIgniter\CodeIgniter->runController(Object(App\Controllers\Api\Etudiant))
 6 SYSTEMPATH\CodeIgniter.php(355): CodeIgniter\CodeIgniter->handleRequest(null, Object(Config\Cache), false)
 7 SYSTEMPATH\Boot.php(325): CodeIgniter\CodeIgniter->run()
 8 SYSTEMPATH\Boot.php(67): CodeIgniter\Boot::runCodeIgniter(Object(CodeIgniter\CodeIgniter))
 9 FCPATH\index.php(56): CodeIgniter\Boot::bootWeb(Object(Config\Paths))
ERROR - 2024-09-25 20:49:22 --> Error connecting to the database: mysqli_sql_exception: Base 'bddespi' inconnue in C:\wamp64\www\WorkShopSN3\vendor\codeigniter4\framework\system\Database\MySQLi\Connection.php:186
Stack trace:
#0 C:\wamp64\www\WorkShopSN3\vendor\codeigniter4\framework\system\Database\MySQLi\Connection.php(186): mysqli->real_connect('localhost', 'root', Object(SensitiveParameterValue), 'bddespi', 3306, '', 0)
#1 C:\wamp64\www\WorkShopSN3\vendor\codeigniter4\framework\system\Database\BaseConnection.php(421): CodeIgniter\Database\MySQLi\Connection->connect(false)
#2 C:\wamp64\www\WorkShopSN3\vendor\codeigniter4\framework\system\Database\BaseConnection.php(616): CodeIgniter\Database\BaseConnection->initialize()
#3 C:\wamp64\www\WorkShopSN3\app\Models\Mcheck_etudiant.php(28): CodeIgniter\Database\BaseConnection->query('SELECT * FROM c...')
#4 C:\wamp64\www\WorkShopSN3\app\Controllers\Api\Etudiant.php(27): App\Models\Mcheck_etudiant->getAllCheckEtudiant()
#5 C:\wamp64\www\WorkShopSN3\vendor\codeigniter4\framework\system\CodeIgniter.php(933): App\Controllers\Api\Etudiant->index()
#6 C:\wamp64\www\WorkShopSN3\vendor\codeigniter4\framework\system\CodeIgniter.php(509): CodeIgniter\CodeIgniter->runController(Object(App\Controllers\Api\Etudiant))
#7 C:\wamp64\www\WorkShopSN3\vendor\codeigniter4\framework\system\CodeIgniter.php(355): CodeIgniter\CodeIgniter->handleRequest(NULL, Object(Config\Cache), false)
#8 C:\wamp64\www\WorkShopSN3\vendor\codeigniter4\framework\system\Boot.php(325): CodeIgniter\CodeIgniter->run()
#9 C:\wamp64\www\WorkShopSN3\vendor\codeigniter4\framework\system\Boot.php(67): CodeIgniter\Boot::runCodeIgniter(Object(CodeIgniter\CodeIgniter))
#10 C:\wamp64\www\WorkShopSN3\public\index.php(56): CodeIgniter\Boot::bootWeb(Object(Config\Paths))
#11 {main}

Next CodeIgniter\Database\Exceptions\DatabaseException: Base 'bddespi' inconnue in C:\wamp64\www\WorkShopSN3\vendor\codeigniter4\framework\system\Database\MySQLi\Connection.php:231
Stack trace:
#0 C:\wamp64\www\WorkShopSN3\vendor\codeigniter4\framework\system\Database\BaseConnection.php(421): CodeIgniter\Database\MySQLi\Connection->connect(false)
#1 C:\wamp64\www\WorkShopSN3\vendor\codeigniter4\framework\system\Database\BaseConnection.php(616): CodeIgniter\Database\BaseConnection->initialize()
#2 C:\wamp64\www\WorkShopSN3\app\Models\Mcheck_etudiant.php(28): CodeIgniter\Database\BaseConnection->query('SELECT * FROM c...')
#3 C:\wamp64\www\WorkShopSN3\app\Controllers\Api\Etudiant.php(27): App\Models\Mcheck_etudiant->getAllCheckEtudiant()
#4 C:\wamp64\www\WorkShopSN3\vendor\codeigniter4\framework\system\CodeIgniter.php(933): App\Controllers\Api\Etudiant->index()
#5 C:\wamp64\www\WorkShopSN3\vendor\codeigniter4\framework\system\CodeIgniter.php(509): CodeIgniter\CodeIgniter->runController(Object(App\Controllers\Api\Etudiant))
#6 C:\wamp64\www\WorkShopSN3\vendor\codeigniter4\framework\system\CodeIgniter.php(355): CodeIgniter\CodeIgniter->handleRequest(NULL, Object(Config\Cache), false)
#7 C:\wamp64\www\WorkShopSN3\vendor\codeigniter4\framework\system\Boot.php(325): CodeIgniter\CodeIgniter->run()
#8 C:\wamp64\www\WorkShopSN3\vendor\codeigniter4\framework\system\Boot.php(67): CodeIgniter\Boot::runCodeIgniter(Object(CodeIgniter\CodeIgniter))
#9 C:\wamp64\www\WorkShopSN3\public\index.php(56): CodeIgniter\Boot::bootWeb(Object(Config\Paths))
#10 {main}
CRITICAL - 2024-09-25 20:49:23 --> CodeIgniter\Database\Exceptions\DatabaseException: Unable to connect to the database.
Main connection [MySQLi]: Base 'bddespi' inconnue
[Method: GET, Route: Api/Etudiant]
in SYSTEMPATH\Database\BaseConnection.php on line 467.
 1 SYSTEMPATH\Database\BaseConnection.php(616): CodeIgniter\Database\BaseConnection->initialize()
 2 APPPATH\Models\Mcheck_etudiant.php(28): CodeIgniter\Database\BaseConnection->query('SELECT * FROM check_etudiant')
 3 APPPATH\Controllers\Api\Etudiant.php(27): App\Models\Mcheck_etudiant->getAllCheckEtudiant()
 4 SYSTEMPATH\CodeIgniter.php(933): App\Controllers\Api\Etudiant->index()
 5 SYSTEMPATH\CodeIgniter.php(509): CodeIgniter\CodeIgniter->runController(Object(App\Controllers\Api\Etudiant))
 6 SYSTEMPATH\CodeIgniter.php(355): CodeIgniter\CodeIgniter->handleRequest(null, Object(Config\Cache), false)
 7 SYSTEMPATH\Boot.php(325): CodeIgniter\CodeIgniter->run()
 8 SYSTEMPATH\Boot.php(67): CodeIgniter\Boot::runCodeIgniter(Object(CodeIgniter\CodeIgniter))
 9 FCPATH\index.php(56): CodeIgniter\Boot::bootWeb(Object(Config\Paths))
CRITICAL - 2024-09-25 20:58:45 --> ErrorException: Undefined array key "mail"
[Method: POST, Route: Api/Etudiant]
in APPPATH\Controllers\Api\Etudiant.php on line 56.
 1 APPPATH\Controllers\Api\Etudiant.php(56): CodeIgniter\Debug\Exceptions->errorHandler(2, 'Undefined array key "mail"', 'C:\\wamp64\\www\\WorkShopSN3\\app\\Controllers\\Api\\Etudiant.php', 56)
 2 SYSTEMPATH\CodeIgniter.php(933): App\Controllers\Api\Etudiant->create()
 3 SYSTEMPATH\CodeIgniter.php(509): CodeIgniter\CodeIgniter->runController(Object(App\Controllers\Api\Etudiant))
 4 SYSTEMPATH\CodeIgniter.php(355): CodeIgniter\CodeIgniter->handleRequest(null, Object(Config\Cache), false)
 5 SYSTEMPATH\Boot.php(325): CodeIgniter\CodeIgniter->run()
 6 SYSTEMPATH\Boot.php(67): CodeIgniter\Boot::runCodeIgniter(Object(CodeIgniter\CodeIgniter))
 7 FCPATH\index.php(56): CodeIgniter\Boot::bootWeb(Object(Config\Paths))
CRITICAL - 2024-09-25 20:58:47 --> ErrorException: Undefined array key "mail"
[Method: POST, Route: Api/Etudiant]
in APPPATH\Controllers\Api\Etudiant.php on line 56.
 1 APPPATH\Controllers\Api\Etudiant.php(56): CodeIgniter\Debug\Exceptions->errorHandler(2, 'Undefined array key "mail"', 'C:\\wamp64\\www\\WorkShopSN3\\app\\Controllers\\Api\\Etudiant.php', 56)
 2 SYSTEMPATH\CodeIgniter.php(933): App\Controllers\Api\Etudiant->create()
 3 SYSTEMPATH\CodeIgniter.php(509): CodeIgniter\CodeIgniter->runController(Object(App\Controllers\Api\Etudiant))
 4 SYSTEMPATH\CodeIgniter.php(355): CodeIgniter\CodeIgniter->handleRequest(null, Object(Config\Cache), false)
 5 SYSTEMPATH\Boot.php(325): CodeIgniter\CodeIgniter->run()
 6 SYSTEMPATH\Boot.php(67): CodeIgniter\Boot::runCodeIgniter(Object(CodeIgniter\CodeIgniter))
 7 FCPATH\index.php(56): CodeIgniter\Boot::bootWeb(Object(Config\Paths))
CRITICAL - 2024-09-25 20:58:48 --> ErrorException: Undefined array key "mail"
[Method: POST, Route: Api/Etudiant]
in APPPATH\Controllers\Api\Etudiant.php on line 56.
 1 APPPATH\Controllers\Api\Etudiant.php(56): CodeIgniter\Debug\Exceptions->errorHandler(2, 'Undefined array key "mail"', 'C:\\wamp64\\www\\WorkShopSN3\\app\\Controllers\\Api\\Etudiant.php', 56)
 2 SYSTEMPATH\CodeIgniter.php(933): App\Controllers\Api\Etudiant->create()
 3 SYSTEMPATH\CodeIgniter.php(509): CodeIgniter\CodeIgniter->runController(Object(App\Controllers\Api\Etudiant))
 4 SYSTEMPATH\CodeIgniter.php(355): CodeIgniter\CodeIgniter->handleRequest(null, Object(Config\Cache), false)
 5 SYSTEMPATH\Boot.php(325): CodeIgniter\CodeIgniter->run()
 6 SYSTEMPATH\Boot.php(67): CodeIgniter\Boot::runCodeIgniter(Object(CodeIgniter\CodeIgniter))
 7 FCPATH\index.php(56): CodeIgniter\Boot::bootWeb(Object(Config\Paths))
CRITICAL - 2024-09-25 20:58:48 --> ErrorException: Undefined array key "mail"
[Method: POST, Route: Api/Etudiant]
in APPPATH\Controllers\Api\Etudiant.php on line 56.
 1 APPPATH\Controllers\Api\Etudiant.php(56): CodeIgniter\Debug\Exceptions->errorHandler(2, 'Undefined array key "mail"', 'C:\\wamp64\\www\\WorkShopSN3\\app\\Controllers\\Api\\Etudiant.php', 56)
 2 SYSTEMPATH\CodeIgniter.php(933): App\Controllers\Api\Etudiant->create()
 3 SYSTEMPATH\CodeIgniter.php(509): CodeIgniter\CodeIgniter->runController(Object(App\Controllers\Api\Etudiant))
 4 SYSTEMPATH\CodeIgniter.php(355): CodeIgniter\CodeIgniter->handleRequest(null, Object(Config\Cache), false)
 5 SYSTEMPATH\Boot.php(325): CodeIgniter\CodeIgniter->run()
 6 SYSTEMPATH\Boot.php(67): CodeIgniter\Boot::runCodeIgniter(Object(CodeIgniter\CodeIgniter))
 7 FCPATH\index.php(56): CodeIgniter\Boot::bootWeb(Object(Config\Paths))
CRITICAL - 2024-09-25 20:58:50 --> ErrorException: Undefined array key "mail"
[Method: POST, Route: Api/Etudiant]
in APPPATH\Controllers\Api\Etudiant.php on line 56.
 1 APPPATH\Controllers\Api\Etudiant.php(56): CodeIgniter\Debug\Exceptions->errorHandler(2, 'Undefined array key "mail"', 'C:\\wamp64\\www\\WorkShopSN3\\app\\Controllers\\Api\\Etudiant.php', 56)
 2 SYSTEMPATH\CodeIgniter.php(933): App\Controllers\Api\Etudiant->create()
 3 SYSTEMPATH\CodeIgniter.php(509): CodeIgniter\CodeIgniter->runController(Object(App\Controllers\Api\Etudiant))
 4 SYSTEMPATH\CodeIgniter.php(355): CodeIgniter\CodeIgniter->handleRequest(null, Object(Config\Cache), false)
 5 SYSTEMPATH\Boot.php(325): CodeIgniter\CodeIgniter->run()
 6 SYSTEMPATH\Boot.php(67): CodeIgniter\Boot::runCodeIgniter(Object(CodeIgniter\CodeIgniter))
 7 FCPATH\index.php(56): CodeIgniter\Boot::bootWeb(Object(Config\Paths))
CRITICAL - 2024-09-25 20:58:52 --> ErrorException: Undefined array key "mail"
[Method: POST, Route: Api/Etudiant]
in APPPATH\Controllers\Api\Etudiant.php on line 56.
 1 APPPATH\Controllers\Api\Etudiant.php(56): CodeIgniter\Debug\Exceptions->errorHandler(2, 'Undefined array key "mail"', 'C:\\wamp64\\www\\WorkShopSN3\\app\\Controllers\\Api\\Etudiant.php', 56)
 2 SYSTEMPATH\CodeIgniter.php(933): App\Controllers\Api\Etudiant->create()
 3 SYSTEMPATH\CodeIgniter.php(509): CodeIgniter\CodeIgniter->runController(Object(App\Controllers\Api\Etudiant))
 4 SYSTEMPATH\CodeIgniter.php(355): CodeIgniter\CodeIgniter->handleRequest(null, Object(Config\Cache), false)
 5 SYSTEMPATH\Boot.php(325): CodeIgniter\CodeIgniter->run()
 6 SYSTEMPATH\Boot.php(67): CodeIgniter\Boot::runCodeIgniter(Object(CodeIgniter\CodeIgniter))
 7 FCPATH\index.php(56): CodeIgniter\Boot::bootWeb(Object(Config\Paths))
CRITICAL - 2024-09-25 20:59:04 --> ErrorException: Undefined array key "mail"
[Method: POST, Route: Api/Etudiant]
in APPPATH\Controllers\Api\Etudiant.php on line 56.
 1 APPPATH\Controllers\Api\Etudiant.php(56): CodeIgniter\Debug\Exceptions->errorHandler(2, 'Undefined array key "mail"', 'C:\\wamp64\\www\\WorkShopSN3\\app\\Controllers\\Api\\Etudiant.php', 56)
 2 SYSTEMPATH\CodeIgniter.php(933): App\Controllers\Api\Etudiant->create()
 3 SYSTEMPATH\CodeIgniter.php(509): CodeIgniter\CodeIgniter->runController(Object(App\Controllers\Api\Etudiant))
 4 SYSTEMPATH\CodeIgniter.php(355): CodeIgniter\CodeIgniter->handleRequest(null, Object(Config\Cache), false)
 5 SYSTEMPATH\Boot.php(325): CodeIgniter\CodeIgniter->run()
 6 SYSTEMPATH\Boot.php(67): CodeIgniter\Boot::runCodeIgniter(Object(CodeIgniter\CodeIgniter))
 7 FCPATH\index.php(56): CodeIgniter\Boot::bootWeb(Object(Config\Paths))
CRITICAL - 2024-09-25 20:59:04 --> ErrorException: Undefined array key "mail"
[Method: POST, Route: Api/Etudiant]
in APPPATH\Controllers\Api\Etudiant.php on line 56.
 1 APPPATH\Controllers\Api\Etudiant.php(56): CodeIgniter\Debug\Exceptions->errorHandler(2, 'Undefined array key "mail"', 'C:\\wamp64\\www\\WorkShopSN3\\app\\Controllers\\Api\\Etudiant.php', 56)
 2 SYSTEMPATH\CodeIgniter.php(933): App\Controllers\Api\Etudiant->create()
 3 SYSTEMPATH\CodeIgniter.php(509): CodeIgniter\CodeIgniter->runController(Object(App\Controllers\Api\Etudiant))
 4 SYSTEMPATH\CodeIgniter.php(355): CodeIgniter\CodeIgniter->handleRequest(null, Object(Config\Cache), false)
 5 SYSTEMPATH\Boot.php(325): CodeIgniter\CodeIgniter->run()
 6 SYSTEMPATH\Boot.php(67): CodeIgniter\Boot::runCodeIgniter(Object(CodeIgniter\CodeIgniter))
 7 FCPATH\index.php(56): CodeIgniter\Boot::bootWeb(Object(Config\Paths))
CRITICAL - 2024-09-25 20:59:05 --> ErrorException: Undefined array key "mail"
[Method: POST, Route: Api/Etudiant]
in APPPATH\Controllers\Api\Etudiant.php on line 56.
 1 APPPATH\Controllers\Api\Etudiant.php(56): CodeIgniter\Debug\Exceptions->errorHandler(2, 'Undefined array key "mail"', 'C:\\wamp64\\www\\WorkShopSN3\\app\\Controllers\\Api\\Etudiant.php', 56)
 2 SYSTEMPATH\CodeIgniter.php(933): App\Controllers\Api\Etudiant->create()
 3 SYSTEMPATH\CodeIgniter.php(509): CodeIgniter\CodeIgniter->runController(Object(App\Controllers\Api\Etudiant))
 4 SYSTEMPATH\CodeIgniter.php(355): CodeIgniter\CodeIgniter->handleRequest(null, Object(Config\Cache), false)
 5 SYSTEMPATH\Boot.php(325): CodeIgniter\CodeIgniter->run()
 6 SYSTEMPATH\Boot.php(67): CodeIgniter\Boot::runCodeIgniter(Object(CodeIgniter\CodeIgniter))
 7 FCPATH\index.php(56): CodeIgniter\Boot::bootWeb(Object(Config\Paths))
CRITICAL - 2024-09-25 20:59:05 --> ErrorException: Undefined array key "mail"
[Method: POST, Route: Api/Etudiant]
in APPPATH\Controllers\Api\Etudiant.php on line 56.
 1 APPPATH\Controllers\Api\Etudiant.php(56): CodeIgniter\Debug\Exceptions->errorHandler(2, 'Undefined array key "mail"', 'C:\\wamp64\\www\\WorkShopSN3\\app\\Controllers\\Api\\Etudiant.php', 56)
 2 SYSTEMPATH\CodeIgniter.php(933): App\Controllers\Api\Etudiant->create()
 3 SYSTEMPATH\CodeIgniter.php(509): CodeIgniter\CodeIgniter->runController(Object(App\Controllers\Api\Etudiant))
 4 SYSTEMPATH\CodeIgniter.php(355): CodeIgniter\CodeIgniter->handleRequest(null, Object(Config\Cache), false)
 5 SYSTEMPATH\Boot.php(325): CodeIgniter\CodeIgniter->run()
 6 SYSTEMPATH\Boot.php(67): CodeIgniter\Boot::runCodeIgniter(Object(CodeIgniter\CodeIgniter))
 7 FCPATH\index.php(56): CodeIgniter\Boot::bootWeb(Object(Config\Paths))
CRITICAL - 2024-09-25 20:59:05 --> ErrorException: Undefined array key "mail"
[Method: POST, Route: Api/Etudiant]
in APPPATH\Controllers\Api\Etudiant.php on line 56.
 1 APPPATH\Controllers\Api\Etudiant.php(56): CodeIgniter\Debug\Exceptions->errorHandler(2, 'Undefined array key "mail"', 'C:\\wamp64\\www\\WorkShopSN3\\app\\Controllers\\Api\\Etudiant.php', 56)
 2 SYSTEMPATH\CodeIgniter.php(933): App\Controllers\Api\Etudiant->create()
 3 SYSTEMPATH\CodeIgniter.php(509): CodeIgniter\CodeIgniter->runController(Object(App\Controllers\Api\Etudiant))
 4 SYSTEMPATH\CodeIgniter.php(355): CodeIgniter\CodeIgniter->handleRequest(null, Object(Config\Cache), false)
 5 SYSTEMPATH\Boot.php(325): CodeIgniter\CodeIgniter->run()
 6 SYSTEMPATH\Boot.php(67): CodeIgniter\Boot::runCodeIgniter(Object(CodeIgniter\CodeIgniter))
 7 FCPATH\index.php(56): CodeIgniter\Boot::bootWeb(Object(Config\Paths))
CRITICAL - 2024-09-25 20:59:05 --> ErrorException: Undefined array key "mail"
[Method: POST, Route: Api/Etudiant]
in APPPATH\Controllers\Api\Etudiant.php on line 56.
 1 APPPATH\Controllers\Api\Etudiant.php(56): CodeIgniter\Debug\Exceptions->errorHandler(2, 'Undefined array key "mail"', 'C:\\wamp64\\www\\WorkShopSN3\\app\\Controllers\\Api\\Etudiant.php', 56)
 2 SYSTEMPATH\CodeIgniter.php(933): App\Controllers\Api\Etudiant->create()
 3 SYSTEMPATH\CodeIgniter.php(509): CodeIgniter\CodeIgniter->runController(Object(App\Controllers\Api\Etudiant))
 4 SYSTEMPATH\CodeIgniter.php(355): CodeIgniter\CodeIgniter->handleRequest(null, Object(Config\Cache), false)
 5 SYSTEMPATH\Boot.php(325): CodeIgniter\CodeIgniter->run()
 6 SYSTEMPATH\Boot.php(67): CodeIgniter\Boot::runCodeIgniter(Object(CodeIgniter\CodeIgniter))
 7 FCPATH\index.php(56): CodeIgniter\Boot::bootWeb(Object(Config\Paths))
CRITICAL - 2024-09-25 20:59:06 --> ErrorException: Undefined array key "mail"
[Method: POST, Route: Api/Etudiant]
in APPPATH\Controllers\Api\Etudiant.php on line 56.
 1 APPPATH\Controllers\Api\Etudiant.php(56): CodeIgniter\Debug\Exceptions->errorHandler(2, 'Undefined array key "mail"', 'C:\\wamp64\\www\\WorkShopSN3\\app\\Controllers\\Api\\Etudiant.php', 56)
 2 SYSTEMPATH\CodeIgniter.php(933): App\Controllers\Api\Etudiant->create()
 3 SYSTEMPATH\CodeIgniter.php(509): CodeIgniter\CodeIgniter->runController(Object(App\Controllers\Api\Etudiant))
 4 SYSTEMPATH\CodeIgniter.php(355): CodeIgniter\CodeIgniter->handleRequest(null, Object(Config\Cache), false)
 5 SYSTEMPATH\Boot.php(325): CodeIgniter\CodeIgniter->run()
 6 SYSTEMPATH\Boot.php(67): CodeIgniter\Boot::runCodeIgniter(Object(CodeIgniter\CodeIgniter))
 7 FCPATH\index.php(56): CodeIgniter\Boot::bootWeb(Object(Config\Paths))
CRITICAL - 2024-09-25 20:59:06 --> ErrorException: Undefined array key "mail"
[Method: POST, Route: Api/Etudiant]
in APPPATH\Controllers\Api\Etudiant.php on line 56.
 1 APPPATH\Controllers\Api\Etudiant.php(56): CodeIgniter\Debug\Exceptions->errorHandler(2, 'Undefined array key "mail"', 'C:\\wamp64\\www\\WorkShopSN3\\app\\Controllers\\Api\\Etudiant.php', 56)
 2 SYSTEMPATH\CodeIgniter.php(933): App\Controllers\Api\Etudiant->create()
 3 SYSTEMPATH\CodeIgniter.php(509): CodeIgniter\CodeIgniter->runController(Object(App\Controllers\Api\Etudiant))
 4 SYSTEMPATH\CodeIgniter.php(355): CodeIgniter\CodeIgniter->handleRequest(null, Object(Config\Cache), false)
 5 SYSTEMPATH\Boot.php(325): CodeIgniter\CodeIgniter->run()
 6 SYSTEMPATH\Boot.php(67): CodeIgniter\Boot::runCodeIgniter(Object(CodeIgniter\CodeIgniter))
 7 FCPATH\index.php(56): CodeIgniter\Boot::bootWeb(Object(Config\Paths))
CRITICAL - 2024-09-25 20:59:08 --> ErrorException: Undefined array key "mail"
[Method: POST, Route: Api/Etudiant]
in APPPATH\Controllers\Api\Etudiant.php on line 56.
 1 APPPATH\Controllers\Api\Etudiant.php(56): CodeIgniter\Debug\Exceptions->errorHandler(2, 'Undefined array key "mail"', 'C:\\wamp64\\www\\WorkShopSN3\\app\\Controllers\\Api\\Etudiant.php', 56)
 2 SYSTEMPATH\CodeIgniter.php(933): App\Controllers\Api\Etudiant->create()
 3 SYSTEMPATH\CodeIgniter.php(509): CodeIgniter\CodeIgniter->runController(Object(App\Controllers\Api\Etudiant))
 4 SYSTEMPATH\CodeIgniter.php(355): CodeIgniter\CodeIgniter->handleRequest(null, Object(Config\Cache), false)
 5 SYSTEMPATH\Boot.php(325): CodeIgniter\CodeIgniter->run()
 6 SYSTEMPATH\Boot.php(67): CodeIgniter\Boot::runCodeIgniter(Object(CodeIgniter\CodeIgniter))
 7 FCPATH\index.php(56): CodeIgniter\Boot::bootWeb(Object(Config\Paths))
CRITICAL - 2024-09-25 20:59:08 --> ErrorException: Undefined array key "mail"
[Method: POST, Route: Api/Etudiant]
in APPPATH\Controllers\Api\Etudiant.php on line 56.
 1 APPPATH\Controllers\Api\Etudiant.php(56): CodeIgniter\Debug\Exceptions->errorHandler(2, 'Undefined array key "mail"', 'C:\\wamp64\\www\\WorkShopSN3\\app\\Controllers\\Api\\Etudiant.php', 56)
 2 SYSTEMPATH\CodeIgniter.php(933): App\Controllers\Api\Etudiant->create()
 3 SYSTEMPATH\CodeIgniter.php(509): CodeIgniter\CodeIgniter->runController(Object(App\Controllers\Api\Etudiant))
 4 SYSTEMPATH\CodeIgniter.php(355): CodeIgniter\CodeIgniter->handleRequest(null, Object(Config\Cache), false)
 5 SYSTEMPATH\Boot.php(325): CodeIgniter\CodeIgniter->run()
 6 SYSTEMPATH\Boot.php(67): CodeIgniter\Boot::runCodeIgniter(Object(CodeIgniter\CodeIgniter))
 7 FCPATH\index.php(56): CodeIgniter\Boot::bootWeb(Object(Config\Paths))
CRITICAL - 2024-09-25 20:59:08 --> ErrorException: Undefined array key "mail"
[Method: POST, Route: Api/Etudiant]
in APPPATH\Controllers\Api\Etudiant.php on line 56.
 1 APPPATH\Controllers\Api\Etudiant.php(56): CodeIgniter\Debug\Exceptions->errorHandler(2, 'Undefined array key "mail"', 'C:\\wamp64\\www\\WorkShopSN3\\app\\Controllers\\Api\\Etudiant.php', 56)
 2 SYSTEMPATH\CodeIgniter.php(933): App\Controllers\Api\Etudiant->create()
 3 SYSTEMPATH\CodeIgniter.php(509): CodeIgniter\CodeIgniter->runController(Object(App\Controllers\Api\Etudiant))
 4 SYSTEMPATH\CodeIgniter.php(355): CodeIgniter\CodeIgniter->handleRequest(null, Object(Config\Cache), false)
 5 SYSTEMPATH\Boot.php(325): CodeIgniter\CodeIgniter->run()
 6 SYSTEMPATH\Boot.php(67): CodeIgniter\Boot::runCodeIgniter(Object(CodeIgniter\CodeIgniter))
 7 FCPATH\index.php(56): CodeIgniter\Boot::bootWeb(Object(Config\Paths))
CRITICAL - 2024-09-25 20:59:09 --> ErrorException: Undefined array key "mail"
[Method: POST, Route: Api/Etudiant]
in APPPATH\Controllers\Api\Etudiant.php on line 56.
 1 APPPATH\Controllers\Api\Etudiant.php(56): CodeIgniter\Debug\Exceptions->errorHandler(2, 'Undefined array key "mail"', 'C:\\wamp64\\www\\WorkShopSN3\\app\\Controllers\\Api\\Etudiant.php', 56)
 2 SYSTEMPATH\CodeIgniter.php(933): App\Controllers\Api\Etudiant->create()
 3 SYSTEMPATH\CodeIgniter.php(509): CodeIgniter\CodeIgniter->runController(Object(App\Controllers\Api\Etudiant))
 4 SYSTEMPATH\CodeIgniter.php(355): CodeIgniter\CodeIgniter->handleRequest(null, Object(Config\Cache), false)
 5 SYSTEMPATH\Boot.php(325): CodeIgniter\CodeIgniter->run()
 6 SYSTEMPATH\Boot.php(67): CodeIgniter\Boot::runCodeIgniter(Object(CodeIgniter\CodeIgniter))
 7 FCPATH\index.php(56): CodeIgniter\Boot::bootWeb(Object(Config\Paths))
CRITICAL - 2024-09-25 20:59:09 --> ErrorException: Undefined array key "mail"
[Method: POST, Route: Api/Etudiant]
in APPPATH\Controllers\Api\Etudiant.php on line 56.
 1 APPPATH\Controllers\Api\Etudiant.php(56): CodeIgniter\Debug\Exceptions->errorHandler(2, 'Undefined array key "mail"', 'C:\\wamp64\\www\\WorkShopSN3\\app\\Controllers\\Api\\Etudiant.php', 56)
 2 SYSTEMPATH\CodeIgniter.php(933): App\Controllers\Api\Etudiant->create()
 3 SYSTEMPATH\CodeIgniter.php(509): CodeIgniter\CodeIgniter->runController(Object(App\Controllers\Api\Etudiant))
 4 SYSTEMPATH\CodeIgniter.php(355): CodeIgniter\CodeIgniter->handleRequest(null, Object(Config\Cache), false)
 5 SYSTEMPATH\Boot.php(325): CodeIgniter\CodeIgniter->run()
 6 SYSTEMPATH\Boot.php(67): CodeIgniter\Boot::runCodeIgniter(Object(CodeIgniter\CodeIgniter))
 7 FCPATH\index.php(56): CodeIgniter\Boot::bootWeb(Object(Config\Paths))
CRITICAL - 2024-09-25 20:59:09 --> ErrorException: Undefined array key "mail"
[Method: POST, Route: Api/Etudiant]
in APPPATH\Controllers\Api\Etudiant.php on line 56.
 1 APPPATH\Controllers\Api\Etudiant.php(56): CodeIgniter\Debug\Exceptions->errorHandler(2, 'Undefined array key "mail"', 'C:\\wamp64\\www\\WorkShopSN3\\app\\Controllers\\Api\\Etudiant.php', 56)
 2 SYSTEMPATH\CodeIgniter.php(933): App\Controllers\Api\Etudiant->create()
 3 SYSTEMPATH\CodeIgniter.php(509): CodeIgniter\CodeIgniter->runController(Object(App\Controllers\Api\Etudiant))
 4 SYSTEMPATH\CodeIgniter.php(355): CodeIgniter\CodeIgniter->handleRequest(null, Object(Config\Cache), false)
 5 SYSTEMPATH\Boot.php(325): CodeIgniter\CodeIgniter->run()
 6 SYSTEMPATH\Boot.php(67): CodeIgniter\Boot::runCodeIgniter(Object(CodeIgniter\CodeIgniter))
 7 FCPATH\index.php(56): CodeIgniter\Boot::bootWeb(Object(Config\Paths))
CRITICAL - 2024-09-25 20:59:09 --> ErrorException: Undefined array key "mail"
[Method: POST, Route: Api/Etudiant]
in APPPATH\Controllers\Api\Etudiant.php on line 56.
 1 APPPATH\Controllers\Api\Etudiant.php(56): CodeIgniter\Debug\Exceptions->errorHandler(2, 'Undefined array key "mail"', 'C:\\wamp64\\www\\WorkShopSN3\\app\\Controllers\\Api\\Etudiant.php', 56)
 2 SYSTEMPATH\CodeIgniter.php(933): App\Controllers\Api\Etudiant->create()
 3 SYSTEMPATH\CodeIgniter.php(509): CodeIgniter\CodeIgniter->runController(Object(App\Controllers\Api\Etudiant))
 4 SYSTEMPATH\CodeIgniter.php(355): CodeIgniter\CodeIgniter->handleRequest(null, Object(Config\Cache), false)
 5 SYSTEMPATH\Boot.php(325): CodeIgniter\CodeIgniter->run()
 6 SYSTEMPATH\Boot.php(67): CodeIgniter\Boot::runCodeIgniter(Object(CodeIgniter\CodeIgniter))
 7 FCPATH\index.php(56): CodeIgniter\Boot::bootWeb(Object(Config\Paths))
CRITICAL - 2024-09-25 20:59:10 --> ErrorException: Undefined array key "mail"
[Method: POST, Route: Api/Etudiant]
in APPPATH\Controllers\Api\Etudiant.php on line 56.
 1 APPPATH\Controllers\Api\Etudiant.php(56): CodeIgniter\Debug\Exceptions->errorHandler(2, 'Undefined array key "mail"', 'C:\\wamp64\\www\\WorkShopSN3\\app\\Controllers\\Api\\Etudiant.php', 56)
 2 SYSTEMPATH\CodeIgniter.php(933): App\Controllers\Api\Etudiant->create()
 3 SYSTEMPATH\CodeIgniter.php(509): CodeIgniter\CodeIgniter->runController(Object(App\Controllers\Api\Etudiant))
 4 SYSTEMPATH\CodeIgniter.php(355): CodeIgniter\CodeIgniter->handleRequest(null, Object(Config\Cache), false)
 5 SYSTEMPATH\Boot.php(325): CodeIgniter\CodeIgniter->run()
 6 SYSTEMPATH\Boot.php(67): CodeIgniter\Boot::runCodeIgniter(Object(CodeIgniter\CodeIgniter))
 7 FCPATH\index.php(56): CodeIgniter\Boot::bootWeb(Object(Config\Paths))
CRITICAL - 2024-09-25 20:59:11 --> ErrorException: Undefined array key "mail"
[Method: POST, Route: Api/Etudiant]
in APPPATH\Controllers\Api\Etudiant.php on line 56.
 1 APPPATH\Controllers\Api\Etudiant.php(56): CodeIgniter\Debug\Exceptions->errorHandler(2, 'Undefined array key "mail"', 'C:\\wamp64\\www\\WorkShopSN3\\app\\Controllers\\Api\\Etudiant.php', 56)
 2 SYSTEMPATH\CodeIgniter.php(933): App\Controllers\Api\Etudiant->create()
 3 SYSTEMPATH\CodeIgniter.php(509): CodeIgniter\CodeIgniter->runController(Object(App\Controllers\Api\Etudiant))
 4 SYSTEMPATH\CodeIgniter.php(355): CodeIgniter\CodeIgniter->handleRequest(null, Object(Config\Cache), false)
 5 SYSTEMPATH\Boot.php(325): CodeIgniter\CodeIgniter->run()
 6 SYSTEMPATH\Boot.php(67): CodeIgniter\Boot::runCodeIgniter(Object(CodeIgniter\CodeIgniter))
 7 FCPATH\index.php(56): CodeIgniter\Boot::bootWeb(Object(Config\Paths))
CRITICAL - 2024-09-25 20:59:12 --> ErrorException: Undefined array key "mail"
[Method: POST, Route: Api/Etudiant]
in APPPATH\Controllers\Api\Etudiant.php on line 56.
 1 APPPATH\Controllers\Api\Etudiant.php(56): CodeIgniter\Debug\Exceptions->errorHandler(2, 'Undefined array key "mail"', 'C:\\wamp64\\www\\WorkShopSN3\\app\\Controllers\\Api\\Etudiant.php', 56)
 2 SYSTEMPATH\CodeIgniter.php(933): App\Controllers\Api\Etudiant->create()
 3 SYSTEMPATH\CodeIgniter.php(509): CodeIgniter\CodeIgniter->runController(Object(App\Controllers\Api\Etudiant))
 4 SYSTEMPATH\CodeIgniter.php(355): CodeIgniter\CodeIgniter->handleRequest(null, Object(Config\Cache), false)
 5 SYSTEMPATH\Boot.php(325): CodeIgniter\CodeIgniter->run()
 6 SYSTEMPATH\Boot.php(67): CodeIgniter\Boot::runCodeIgniter(Object(CodeIgniter\CodeIgniter))
 7 FCPATH\index.php(56): CodeIgniter\Boot::bootWeb(Object(Config\Paths))
CRITICAL - 2024-09-25 20:59:12 --> ErrorException: Undefined array key "mail"
[Method: POST, Route: Api/Etudiant]
in APPPATH\Controllers\Api\Etudiant.php on line 56.
 1 APPPATH\Controllers\Api\Etudiant.php(56): CodeIgniter\Debug\Exceptions->errorHandler(2, 'Undefined array key "mail"', 'C:\\wamp64\\www\\WorkShopSN3\\app\\Controllers\\Api\\Etudiant.php', 56)
 2 SYSTEMPATH\CodeIgniter.php(933): App\Controllers\Api\Etudiant->create()
 3 SYSTEMPATH\CodeIgniter.php(509): CodeIgniter\CodeIgniter->runController(Object(App\Controllers\Api\Etudiant))
 4 SYSTEMPATH\CodeIgniter.php(355): CodeIgniter\CodeIgniter->handleRequest(null, Object(Config\Cache), false)
 5 SYSTEMPATH\Boot.php(325): CodeIgniter\CodeIgniter->run()
 6 SYSTEMPATH\Boot.php(67): CodeIgniter\Boot::runCodeIgniter(Object(CodeIgniter\CodeIgniter))
 7 FCPATH\index.php(56): CodeIgniter\Boot::bootWeb(Object(Config\Paths))
CRITICAL - 2024-09-25 20:59:13 --> ErrorException: Undefined array key "mail"
[Method: POST, Route: Api/Etudiant]
in APPPATH\Controllers\Api\Etudiant.php on line 56.
 1 APPPATH\Controllers\Api\Etudiant.php(56): CodeIgniter\Debug\Exceptions->errorHandler(2, 'Undefined array key "mail"', 'C:\\wamp64\\www\\WorkShopSN3\\app\\Controllers\\Api\\Etudiant.php', 56)
 2 SYSTEMPATH\CodeIgniter.php(933): App\Controllers\Api\Etudiant->create()
 3 SYSTEMPATH\CodeIgniter.php(509): CodeIgniter\CodeIgniter->runController(Object(App\Controllers\Api\Etudiant))
 4 SYSTEMPATH\CodeIgniter.php(355): CodeIgniter\CodeIgniter->handleRequest(null, Object(Config\Cache), false)
 5 SYSTEMPATH\Boot.php(325): CodeIgniter\CodeIgniter->run()
 6 SYSTEMPATH\Boot.php(67): CodeIgniter\Boot::runCodeIgniter(Object(CodeIgniter\CodeIgniter))
 7 FCPATH\index.php(56): CodeIgniter\Boot::bootWeb(Object(Config\Paths))
CRITICAL - 2024-09-25 20:59:13 --> ErrorException: Undefined array key "mail"
[Method: POST, Route: Api/Etudiant]
in APPPATH\Controllers\Api\Etudiant.php on line 56.
 1 APPPATH\Controllers\Api\Etudiant.php(56): CodeIgniter\Debug\Exceptions->errorHandler(2, 'Undefined array key "mail"', 'C:\\wamp64\\www\\WorkShopSN3\\app\\Controllers\\Api\\Etudiant.php', 56)
 2 SYSTEMPATH\CodeIgniter.php(933): App\Controllers\Api\Etudiant->create()
 3 SYSTEMPATH\CodeIgniter.php(509): CodeIgniter\CodeIgniter->runController(Object(App\Controllers\Api\Etudiant))
 4 SYSTEMPATH\CodeIgniter.php(355): CodeIgniter\CodeIgniter->handleRequest(null, Object(Config\Cache), false)
 5 SYSTEMPATH\Boot.php(325): CodeIgniter\CodeIgniter->run()
 6 SYSTEMPATH\Boot.php(67): CodeIgniter\Boot::runCodeIgniter(Object(CodeIgniter\CodeIgniter))
 7 FCPATH\index.php(56): CodeIgniter\Boot::bootWeb(Object(Config\Paths))
CRITICAL - 2024-09-25 20:59:14 --> ErrorException: Undefined array key "mail"
[Method: POST, Route: Api/Etudiant]
in APPPATH\Controllers\Api\Etudiant.php on line 56.
 1 APPPATH\Controllers\Api\Etudiant.php(56): CodeIgniter\Debug\Exceptions->errorHandler(2, 'Undefined array key "mail"', 'C:\\wamp64\\www\\WorkShopSN3\\app\\Controllers\\Api\\Etudiant.php', 56)
 2 SYSTEMPATH\CodeIgniter.php(933): App\Controllers\Api\Etudiant->create()
 3 SYSTEMPATH\CodeIgniter.php(509): CodeIgniter\CodeIgniter->runController(Object(App\Controllers\Api\Etudiant))
 4 SYSTEMPATH\CodeIgniter.php(355): CodeIgniter\CodeIgniter->handleRequest(null, Object(Config\Cache), false)
 5 SYSTEMPATH\Boot.php(325): CodeIgniter\CodeIgniter->run()
 6 SYSTEMPATH\Boot.php(67): CodeIgniter\Boot::runCodeIgniter(Object(CodeIgniter\CodeIgniter))
 7 FCPATH\index.php(56): CodeIgniter\Boot::bootWeb(Object(Config\Paths))
CRITICAL - 2024-09-25 20:59:14 --> ErrorException: Undefined array key "mail"
[Method: POST, Route: Api/Etudiant]
in APPPATH\Controllers\Api\Etudiant.php on line 56.
 1 APPPATH\Controllers\Api\Etudiant.php(56): CodeIgniter\Debug\Exceptions->errorHandler(2, 'Undefined array key "mail"', 'C:\\wamp64\\www\\WorkShopSN3\\app\\Controllers\\Api\\Etudiant.php', 56)
 2 SYSTEMPATH\CodeIgniter.php(933): App\Controllers\Api\Etudiant->create()
 3 SYSTEMPATH\CodeIgniter.php(509): CodeIgniter\CodeIgniter->runController(Object(App\Controllers\Api\Etudiant))
 4 SYSTEMPATH\CodeIgniter.php(355): CodeIgniter\CodeIgniter->handleRequest(null, Object(Config\Cache), false)
 5 SYSTEMPATH\Boot.php(325): CodeIgniter\CodeIgniter->run()
 6 SYSTEMPATH\Boot.php(67): CodeIgniter\Boot::runCodeIgniter(Object(CodeIgniter\CodeIgniter))
 7 FCPATH\index.php(56): CodeIgniter\Boot::bootWeb(Object(Config\Paths))
CRITICAL - 2024-09-25 20:59:14 --> ErrorException: Undefined array key "mail"
[Method: POST, Route: Api/Etudiant]
in APPPATH\Controllers\Api\Etudiant.php on line 56.
 1 APPPATH\Controllers\Api\Etudiant.php(56): CodeIgniter\Debug\Exceptions->errorHandler(2, 'Undefined array key "mail"', 'C:\\wamp64\\www\\WorkShopSN3\\app\\Controllers\\Api\\Etudiant.php', 56)
 2 SYSTEMPATH\CodeIgniter.php(933): App\Controllers\Api\Etudiant->create()
 3 SYSTEMPATH\CodeIgniter.php(509): CodeIgniter\CodeIgniter->runController(Object(App\Controllers\Api\Etudiant))
 4 SYSTEMPATH\CodeIgniter.php(355): CodeIgniter\CodeIgniter->handleRequest(null, Object(Config\Cache), false)
 5 SYSTEMPATH\Boot.php(325): CodeIgniter\CodeIgniter->run()
 6 SYSTEMPATH\Boot.php(67): CodeIgniter\Boot::runCodeIgniter(Object(CodeIgniter\CodeIgniter))
 7 FCPATH\index.php(56): CodeIgniter\Boot::bootWeb(Object(Config\Paths))
INFO - 2024-09-25 21:20:04 --> Session: Class initialized using 'CodeIgniter\Session\Handlers\FileHandler' driver.
CRITICAL - 2024-09-25 21:21:43 --> BadMethodCallException: Call to undefined method App\Models\Metudiant::loginPersonne
[Method: POST, Route: Cconnexion/authentification]
in SYSTEMPATH\Model.php on line 932.
 1 APPPATH\Controllers\Cconnexion.php(22): CodeIgniter\Model->__call('loginPersonne', [...])
 2 SYSTEMPATH\CodeIgniter.php(933): App\Controllers\Cconnexion->authentification()
 3 SYSTEMPATH\CodeIgniter.php(509): CodeIgniter\CodeIgniter->runController(Object(App\Controllers\Cconnexion))
 4 SYSTEMPATH\CodeIgniter.php(355): CodeIgniter\CodeIgniter->handleRequest(null, Object(Config\Cache), false)
 5 SYSTEMPATH\Boot.php(325): CodeIgniter\CodeIgniter->run()
 6 SYSTEMPATH\Boot.php(67): CodeIgniter\Boot::runCodeIgniter(Object(CodeIgniter\CodeIgniter))
 7 FCPATH\index.php(56): CodeIgniter\Boot::bootWeb(Object(Config\Paths))
INFO - 2024-09-25 21:24:18 --> Session: Class initialized using 'CodeIgniter\Session\Handlers\FileHandler' driver.
CRITICAL - 2024-09-25 21:24:26 --> ErrorException: Undefined array key 0
[Method: POST, Route: Cconnexion/authentification]
in APPPATH\Controllers\Cconnexion.php on line 25.
 1 APPPATH\Controllers\Cconnexion.php(25): CodeIgniter\Debug\Exceptions->errorHandler(2, 'Undefined array key 0', 'C:\\wamp64\\www\\WorkShopSN3\\app\\Controllers\\Cconnexion.php', 25)
 2 SYSTEMPATH\CodeIgniter.php(933): App\Controllers\Cconnexion->authentification()
 3 SYSTEMPATH\CodeIgniter.php(509): CodeIgniter\CodeIgniter->runController(Object(App\Controllers\Cconnexion))
 4 SYSTEMPATH\CodeIgniter.php(355): CodeIgniter\CodeIgniter->handleRequest(null, Object(Config\Cache), false)
 5 SYSTEMPATH\Boot.php(325): CodeIgniter\CodeIgniter->run()
 6 SYSTEMPATH\Boot.php(67): CodeIgniter\Boot::runCodeIgniter(Object(CodeIgniter\CodeIgniter))
 7 FCPATH\index.php(56): CodeIgniter\Boot::bootWeb(Object(Config\Paths))
INFO - 2024-09-25 21:24:56 --> Session: Class initialized using 'CodeIgniter\Session\Handlers\FileHandler' driver.
INFO - 2024-09-25 21:27:34 --> Session: Class initialized using 'CodeIgniter\Session\Handlers\FileHandler' driver.
INFO - 2024-09-25 21:30:21 --> Session: Class initialized using 'CodeIgniter\Session\Handlers\FileHandler' driver.
CRITICAL - 2024-09-25 21:30:33 --> ErrorException: Undefined array key 0
[Method: POST, Route: Cconnexion/authentification]
in APPPATH\Controllers\Cconnexion.php on line 27.
 1 APPPATH\Controllers\Cconnexion.php(27): CodeIgniter\Debug\Exceptions->errorHandler(2, 'Undefined array key 0', 'C:\\wamp64\\www\\WorkShopSN3\\app\\Controllers\\Cconnexion.php', 27)
 2 SYSTEMPATH\CodeIgniter.php(933): App\Controllers\Cconnexion->authentification()
 3 SYSTEMPATH\CodeIgniter.php(509): CodeIgniter\CodeIgniter->runController(Object(App\Controllers\Cconnexion))
 4 SYSTEMPATH\CodeIgniter.php(355): CodeIgniter\CodeIgniter->handleRequest(null, Object(Config\Cache), false)
 5 SYSTEMPATH\Boot.php(325): CodeIgniter\CodeIgniter->run()
 6 SYSTEMPATH\Boot.php(67): CodeIgniter\Boot::runCodeIgniter(Object(CodeIgniter\CodeIgniter))
 7 FCPATH\index.php(56): CodeIgniter\Boot::bootWeb(Object(Config\Paths))
INFO - 2024-09-25 21:30:56 --> Session: Class initialized using 'CodeIgniter\Session\Handlers\FileHandler' driver.
INFO - 2024-09-25 21:31:49 --> Session: Class initialized using 'CodeIgniter\Session\Handlers\FileHandler' driver.
CRITICAL - 2024-09-25 21:31:59 --> ErrorException: Undefined property: App\Controllers\Cconnexion::$session
[Method: POST, Route: Cconnexion/authentification]
in APPPATH\Controllers\Cconnexion.php on line 29.
 1 APPPATH\Controllers\Cconnexion.php(29): CodeIgniter\Debug\Exceptions->errorHandler(2, 'Undefined property: App\\Controllers\\Cconnexion::$session', 'C:\\wamp64\\www\\WorkShopSN3\\app\\Controllers\\Cconnexion.php', 29)
 2 SYSTEMPATH\CodeIgniter.php(933): App\Controllers\Cconnexion->authentification()
 3 SYSTEMPATH\CodeIgniter.php(509): CodeIgniter\CodeIgniter->runController(Object(App\Controllers\Cconnexion))
 4 SYSTEMPATH\CodeIgniter.php(355): CodeIgniter\CodeIgniter->handleRequest(null, Object(Config\Cache), false)
 5 SYSTEMPATH\Boot.php(325): CodeIgniter\CodeIgniter->run()
 6 SYSTEMPATH\Boot.php(67): CodeIgniter\Boot::runCodeIgniter(Object(CodeIgniter\CodeIgniter))
 7 FCPATH\index.php(56): CodeIgniter\Boot::bootWeb(Object(Config\Paths))
INFO - 2024-09-25 21:34:55 --> Session: Class initialized using 'CodeIgniter\Session\Handlers\FileHandler' driver.
INFO - 2024-09-25 21:35:03 --> Session: Class initialized using 'CodeIgniter\Session\Handlers\FileHandler' driver.
INFO - 2024-09-25 21:38:11 --> Session: Class initialized using 'CodeIgniter\Session\Handlers\FileHandler' driver.
INFO - 2024-09-25 21:38:31 --> Session: Class initialized using 'CodeIgniter\Session\Handlers\FileHandler' driver.
